2024-10-23 18:13:40,108 - INFO - Copied: C:/P/Data/Individuals/BioI-10000\_pGEM_M13F20.txt to C:/P/Data/Controls/BioI-10000__pGEM_M13F20.txt
2024-10-23 18:13:40,109 - INFO - Copied: C:/P/Data/Individuals/BioI-10000\_pGEM_M13R27.txt to C:/P/Data/Controls/BioI-10000__pGEM_M13R27.txt
2024-10-23 18:13:40,109 - INFO - Copied: C:/P/Data/Individuals/BioI-10000\_pGEM_SP6Promoter.txt to C:/P/Data/Controls/BioI-10000__pGEM_SP6Promoter.txt
2024-10-23 18:13:40,110 - INFO - Copied: C:/P/Data/Individuals/BioI-10000\_pGEM_T7Promoter.txt to C:/P/Data/Controls/BioI-10000__pGEM_T7Promoter.txt
2024-10-23 18:13:40,110 - INFO - Copied: C:/P/Data/Individuals/BioI-10000\_Water_M13F20.txt to C:/P/Data/Controls/BioI-10000__Water_M13F20.txt
2024-10-23 18:13:40,111 - INFO - Copied: C:/P/Data/Individuals/BioI-10000\_Water_M13R27.txt to C:/P/Data/Controls/BioI-10000__Water_M13R27.txt
2024-10-23 18:13:40,111 - INFO - Copied: C:/P/Data/Individuals/BioI-10000\_Water_SP6Promoter.txt to C:/P/Data/Controls/BioI-10000__Water_SP6Promoter.txt
2024-10-23 18:13:40,113 - INFO - Copied: C:/P/Data/Individuals/BioI-10000\_Water_T7Promoter.txt to C:/P/Data/Controls/BioI-10000__Water_T7Promoter.txt
2024-10-23 18:13:40,113 - INFO - Copied: C:/P/Data/Individuals/BioI-10001\_pGEM_M13F20.txt to C:/P/Data/Controls/BioI-10001__pGEM_M13F20.txt
2024-10-23 18:13:40,114 - INFO - Copied: C:/P/Data/Individuals/BioI-10001\_pGEM_M13R27.txt to C:/P/Data/Controls/BioI-10001__pGEM_M13R27.txt
2024-10-23 18:13:40,114 - INFO - Copied: C:/P/Data/Individuals/BioI-10001\_pGEM_SP6Promoter.txt to C:/P/Data/Controls/BioI-10001__pGEM_SP6Promoter.txt
2024-10-23 18:13:40,114 - INFO - Copied: C:/P/Data/Individuals/BioI-10001\_pGEM_T7Promoter.txt to C:/P/Data/Controls/BioI-10001__pGEM_T7Promoter.txt
2024-10-23 18:13:40,115 - INFO - Copied: C:/P/Data/Individuals/BioI-10001\_Water_M13F20.txt to C:/P/Data/Controls/BioI-10001__Water_M13F20.txt
2024-10-23 18:13:40,115 - INFO - Copied: C:/P/Data/Individuals/BioI-10001\_Water_M13R27.txt to C:/P/Data/Controls/BioI-10001__Water_M13R27.txt
2024-10-23 18:13:40,115 - INFO - Copied: C:/P/Data/Individuals/BioI-10001\_Water_SP6Promoter.txt to C:/P/Data/Controls/BioI-10001__Water_SP6Promoter.txt
2024-10-23 18:13:40,116 - INFO - Copied: C:/P/Data/Individuals/BioI-10001\_Water_T7Promoter.txt to C:/P/Data/Controls/BioI-10001__Water_T7Promoter.txt
2024-10-23 18:13:40,117 - INFO - Copied: C:/P/Data/Individuals/BioI-10002\_pGEM_M13F20.txt to C:/P/Data/Controls/BioI-10002__pGEM_M13F20.txt
2024-10-23 18:13:40,117 - INFO - Copied: C:/P/Data/Individuals/BioI-10002\_pGEM_M13R27.txt to C:/P/Data/Controls/BioI-10002__pGEM_M13R27.txt
2024-10-23 18:13:40,117 - INFO - Copied: C:/P/Data/Individuals/BioI-10002\_pGEM_SP6Promoter.txt to C:/P/Data/Controls/BioI-10002__pGEM_SP6Promoter.txt
2024-10-23 18:13:40,118 - INFO - Copied: C:/P/Data/Individuals/BioI-10002\_pGEM_T7Promoter.txt to C:/P/Data/Controls/BioI-10002__pGEM_T7Promoter.txt
2024-10-23 18:13:40,118 - INFO - Copied: C:/P/Data/Individuals/BioI-10002\_Water_M13F20.txt to C:/P/Data/Controls/BioI-10002__Water_M13F20.txt
2024-10-23 18:13:40,118 - INFO - Copied: C:/P/Data/Individuals/BioI-10002\_Water_M13R27.txt to C:/P/Data/Controls/BioI-10002__Water_M13R27.txt
2024-10-23 18:13:40,119 - INFO - Copied: C:/P/Data/Individuals/BioI-10002\_Water_SP6Promoter.txt to C:/P/Data/Controls/BioI-10002__Water_SP6Promoter.txt
2024-10-23 18:13:40,119 - INFO - Copied: C:/P/Data/Individuals/BioI-10002\_Water_T7Promoter.txt to C:/P/Data/Controls/BioI-10002__Water_T7Promoter.txt
2024-10-23 18:13:40,120 - INFO - Copied: C:/P/Data/Individuals/BioI-10003\_pGEM_M13F20.txt to C:/P/Data/Controls/BioI-10003__pGEM_M13F20.txt
2024-10-23 18:13:40,120 - INFO - Copied: C:/P/Data/Individuals/BioI-10003\_pGEM_M13R27.txt to C:/P/Data/Controls/BioI-10003__pGEM_M13R27.txt
2024-10-23 18:13:40,120 - INFO - Copied: C:/P/Data/Individuals/BioI-10003\_pGEM_SP6Promoter.txt to C:/P/Data/Controls/BioI-10003__pGEM_SP6Promoter.txt
2024-10-23 18:13:40,121 - INFO - Copied: C:/P/Data/Individuals/BioI-10003\_pGEM_T7Promoter.txt to C:/P/Data/Controls/BioI-10003__pGEM_T7Promoter.txt
2024-10-23 18:13:40,121 - INFO - Copied: C:/P/Data/Individuals/BioI-10003\_Water_M13F20.txt to C:/P/Data/Controls/BioI-10003__Water_M13F20.txt
2024-10-23 18:13:40,121 - INFO - Copied: C:/P/Data/Individuals/BioI-10003\_Water_M13R27.txt to C:/P/Data/Controls/BioI-10003__Water_M13R27.txt
2024-10-23 18:13:40,122 - INFO - Copied: C:/P/Data/Individuals/BioI-10003\_Water_SP6Promoter.txt to C:/P/Data/Controls/BioI-10003__Water_SP6Promoter.txt
2024-10-23 18:13:40,122 - INFO - Copied: C:/P/Data/Individuals/BioI-10003\_Water_T7Promoter.txt to C:/P/Data/Controls/BioI-10003__Water_T7Promoter.txt
2024-10-23 18:13:40,123 - INFO - Copied: C:/P/Data/Individuals/BioI-10004\_pGEM_M13F20.txt to C:/P/Data/Controls/BioI-10004__pGEM_M13F20.txt
2024-10-23 18:13:40,123 - INFO - Copied: C:/P/Data/Individuals/BioI-10004\_pGEM_M13R27.txt to C:/P/Data/Controls/BioI-10004__pGEM_M13R27.txt
2024-10-23 18:13:40,124 - INFO - Copied: C:/P/Data/Individuals/BioI-10004\_pGEM_SP6Promoter.txt to C:/P/Data/Controls/BioI-10004__pGEM_SP6Promoter.txt
2024-10-23 18:13:40,124 - INFO - Copied: C:/P/Data/Individuals/BioI-10004\_pGEM_T7Promoter.txt to C:/P/Data/Controls/BioI-10004__pGEM_T7Promoter.txt
2024-10-23 18:13:40,125 - INFO - Copied: C:/P/Data/Individuals/BioI-10004\_Water_M13F20.txt to C:/P/Data/Controls/BioI-10004__Water_M13F20.txt
2024-10-23 18:13:40,125 - INFO - Copied: C:/P/Data/Individuals/BioI-10004\_Water_M13R27.txt to C:/P/Data/Controls/BioI-10004__Water_M13R27.txt
2024-10-23 18:13:40,126 - INFO - Copied: C:/P/Data/Individuals/BioI-10004\_Water_SP6Promoter.txt to C:/P/Data/Controls/BioI-10004__Water_SP6Promoter.txt
2024-10-23 18:13:40,126 - INFO - Copied: C:/P/Data/Individuals/BioI-10004\_Water_T7Promoter.txt to C:/P/Data/Controls/BioI-10004__Water_T7Promoter.txt
